Command: fasttree -log /home/max/PycharmProjects/SARS-CoV-2/data/phylo/orf10_protein.log -out /home/max/PycharmProjects/SARS-CoV-2/data/phylo/orf10_protein.newick /home/max/PycharmProjects/SARS-CoV-2/data/alignments/orf10_protein.fasta
FastTree Version 2.1.11 Double precision (No SSE3)
Alignment: /home/max/PycharmProjects/SARS-CoV-2/data/alignments/orf10_protein.fasta
Amino acid distances: BLOSUM45 Joins: balanced Support: SH-like 1000
Search: Normal +NNI +SPR (2 rounds range 10) +ML-NNI opt-each=1
TopHits: 1.00*sqrtN close=default refresh=0.80
ML Model: Jones-Taylor-Thorton, CAT approximation with 20 rate categories
Read 6 sequences, 38 positions
NJ	(QIS29991:0.009114098,(YP_009725255:-0.000408172,QIM47465:0.000408172):0.000377797,(QIS60555:0.011339259,(QJD48984:0.031030825,QIS60615:0.021020716):0.000064697):0.000128007);
ME_NNI1	(QIS29991:0.009114098,(YP_009725255:-0.000408172,QIM47465:0.000408172):0.000377797,(QIS60615:0.021020716,(QJD48984:0.031030825,QIS60555:0.011339259):0.000064697):0.000128007);
ME_NNI2	(QIS29991:0.009114098,(YP_009725255:-0.000408172,QIM47465:0.000408172):0.000377797,(QIS60615:0.021020716,(QJD48984:0.031030825,QIS60555:0.011339259):0.000064697):0.000128007);
Min_evolution NNIs converged at round 2 -- skipping some rounds
ME_SPR1	(QIS29991:0.009114098,(YP_009725255:-0.000408172,QIM47465:0.000408172):0.000377797,(QIS60615:0.021020716,(QJD48984:0.031030825,QIS60555:0.011339259):0.000064697):0.000128007);
ME_NNI4	(QIS29991:0.009114098,(YP_009725255:-0.000408172,QIM47465:0.000408172):0.000377797,(QIS60615:0.021020716,(QJD48984:0.031030825,QIS60555:0.011339259):0.000064697):0.000128007);
Min_evolution NNIs converged at round 4 -- skipping some rounds
ME_SPR2	(QIS29991:0.009114098,(YP_009725255:-0.000408172,QIM47465:0.000408172):0.000377797,(QIS60615:0.021020716,(QJD48984:0.031030825,QIS60555:0.011339259):0.000064697):0.000128007);
ME_NNI7	(QIS29991:0.009114098,(YP_009725255:-0.000408172,QIM47465:0.000408172):0.000377797,(QIS60615:0.021020716,(QJD48984:0.031030825,QIS60555:0.011339259):0.000064697):0.000128007);
Min_evolution NNIs converged at round 7 -- skipping some rounds
ME_Lengths	(QIS29991:0.011986108,(YP_009725255:-0.000557029,QIM47465:0.000557029):0.000427522,(QIS60615:0.027963016,(QJD48984:0.041438314,QIS60555:0.014886868):0.000067430):0.000043400);
Total branch-length 0.098 after 0.00 sec
ML_Lengths1	(QIS29991:0.025967994,(YP_009725255:0.000000005,QIM47465:0.000000005):0.000000005,(QIS60615:0.026052064,(QJD48984:0.026439924,QIS60555:0.026418352):0.000000005):0.000000005);
ML_NNI1	(YP_009725255:0.000000005,(QIS29991:0.025967994,QIM47465:0.000000005):0.000000005,(QJD48984:0.026439924,(QIS60615:0.026052064,QIS60555:0.026418352):0.000000005):0.000000005);
TreeLogLk	ML_NNI1	-139.1883	MaxChange	0.0000
NCategories	20
Rates 0.077227 0.105857 0.145101 0.198894 0.272629 0.373700 0.512240 0.702140 0.962442 1.319244 1.808321 2.478712 3.397634 4.657224 6.383777 8.750406 11.994406 16.441039 22.536153 30.890882
SiteCategories 9 9 9 10 9 10 9 10 9 9 9 9 9 9 9 9 9 9 9 9 9 9 9 10 9 9 9 9 9 9 9 9 9 9 9 9 9 9
ML_NNI2	(YP_009725255:0.000000005,(QIS29991:0.025809818,QIM47465:0.000000005):0.000000005,(QJD48984:0.026413484,(QIS60615:0.025911595,QIS60555:0.026391681):0.000000005):0.000000005);
TreeLogLk	ML_NNI2	-138.0928	MaxChange	0.0000
Turning off heuristics for final round of ML NNIs (converged)
ML_NNI3	(YP_009725255:0.000000005,(QIS29991:0.025809818,QIM47465:0.000000005):0.000000005,(QJD48984:0.026413484,(QIS60615:0.025911595,QIS60555:0.026391681):0.000000005):0.000000005);
TreeLogLk	ML_NNI3	-138.0928	MaxChange	0.0000
ML_Lengths2	(YP_009725255:0.000000005,(QIS29991:0.025809818,QIM47465:0.000000005):0.000000005,(QJD48984:0.026413484,(QIS60615:0.025911595,QIS60555:0.026391681):0.000000005):0.000000005);
TreeLogLk	ML_Lengths2	-138.0928
Total time: 0.02 seconds Unique: 6/6 Bad splits: 0/3
Dist/N**2: by-profile 14.917 (out 0.500) by-leaf 1.667 avg-prof 5.611
 Hill-climb: 0 Update-best: 2
NNI: 1 SPR: 0 ML-NNI: 2
Max-lk operations: lk 2264 posterior 457 approximate-posteriors 0.00% star-only 0
TreeCompleted
