Command: fasttree -log /home/max/PycharmProjects/SARS-CoV-2/data/phylo/chain_c.log -out /home/max/PycharmProjects/SARS-CoV-2/data/phylo/chain_c.newick /home/max/PycharmProjects/SARS-CoV-2/data/alignments/chain_c.fasta
FastTree Version 2.1.11 Double precision (No SSE3)
Alignment: /home/max/PycharmProjects/SARS-CoV-2/data/alignments/chain_c.fasta
Amino acid distances: BLOSUM45 Joins: balanced Support: SH-like 1000
Search: Normal +NNI +SPR (2 rounds range 10) +ML-NNI opt-each=1
TopHits: 1.00*sqrtN close=default refresh=0.80
ML Model: Jones-Taylor-Thorton, CAT approximation with 20 rate categories
Read 12 sequences, 1344 positions
NJ	(6VYB_C:0.000384583,6VXX_C:0.000011157,(6VSB_C:-0.100769352,(6LVN_C:-0.116745796,(6LXT_C:0.036239864,(6M2N_C:0.457699822,((6W9C_C:0.461248426,(7BV2_C:0.008792169,7BTF_C:-0.008792169):0.331419288):0.047853776,(6W75_C:0.437672350,(6M3M_C:0.007429494,6VYO_C:0.000974003):0.439159787):0.010481743):0.028791355):0.336376831):0.095293104):0.386553556):-0.191448170);
ME_NNI1	(6VYB_C:0.000384583,6VXX_C:0.000011157,(6VSB_C:-0.100769352,(6LXT_C:0.036239864,(6LVN_C:-0.116745796,(6M2N_C:0.457699822,((6W9C_C:0.461248426,(7BV2_C:0.008792169,7BTF_C:-0.008792169):0.331419288):0.047853776,(6W75_C:0.437672350,(6M3M_C:0.007429494,6VYO_C:0.000974003):0.439159787):0.010481743):0.028791355):0.336376831):0.095293104):0.386553556):-0.191448170);
ME_NNI2	(6VYB_C:0.000384583,6VXX_C:0.000011157,(6VSB_C:-0.100769352,(6LXT_C:0.036239864,(6LVN_C:-0.116745796,(6M2N_C:0.457699822,((6W9C_C:0.461248426,(7BV2_C:0.008792169,7BTF_C:-0.008792169):0.331419288):0.047853776,(6W75_C:0.437672350,(6M3M_C:0.007429494,6VYO_C:0.000974003):0.439159787):0.010481743):0.028791355):0.336376831):0.095293104):0.386553556):-0.191448170);
Min_evolution NNIs converged at round 2 -- skipping some rounds
ME_SPR1	(6VYB_C:0.000384583,6VXX_C:0.000011157,(6VSB_C:-0.100769352,(6LXT_C:0.036239864,(6LVN_C:-0.116745796,(6M2N_C:0.457699822,((6W9C_C:0.461248426,(7BV2_C:0.008792169,7BTF_C:-0.008792169):0.331419288):0.047853776,(6W75_C:0.437672350,(6M3M_C:0.007429494,6VYO_C:0.000974003):0.439159787):0.010481743):0.028791355):0.336376831):0.095293104):0.386553556):-0.191448170);
ME_NNI5	(6VYB_C:0.000384583,6VXX_C:0.000011157,(6VSB_C:-0.100769352,(6LXT_C:0.036239864,(6LVN_C:-0.116745796,(6M2N_C:0.457699822,((6W9C_C:0.461248426,(7BV2_C:0.008792169,7BTF_C:-0.008792169):0.331419288):0.047853776,(6W75_C:0.437672350,(6M3M_C:0.007429494,6VYO_C:0.000974003):0.439159787):0.010481743):0.028791355):0.336376831):0.095293104):0.386553556):-0.191448170);
Min_evolution NNIs converged at round 5 -- skipping some rounds
ME_SPR2	(6VYB_C:0.000384583,6VXX_C:0.000011157,(6VSB_C:-0.100769352,(6LXT_C:0.036239864,(6LVN_C:-0.116745796,(6M2N_C:0.457699822,((6W9C_C:0.461248426,(7BV2_C:0.008792169,7BTF_C:-0.008792169):0.331419288):0.047853776,(6W75_C:0.437672350,(6M3M_C:0.007429494,6VYO_C:0.000974003):0.439159787):0.010481743):0.028791355):0.336376831):0.095293104):0.386553556):-0.191448170);
ME_NNI9	(6VYB_C:0.000384583,6VXX_C:0.000011157,(6VSB_C:-0.100769352,(6LXT_C:0.036239864,(6LVN_C:-0.116745796,(6M2N_C:0.457699822,((6W9C_C:0.461248426,(7BV2_C:0.008792169,7BTF_C:-0.008792169):0.331419288):0.047853776,(6W75_C:0.437672350,(6M3M_C:0.007429494,6VYO_C:0.000974003):0.439159787):0.010481743):0.028791355):0.336376831):0.095293104):0.386553556):-0.191448170);
Min_evolution NNIs converged at round 9 -- skipping some rounds
ME_Lengths	(6VYB_C:0.000508968,6VXX_C:0.000005596,(6VSB_C:-0.000864029,(6LXT_C:-0.164883048,(6LVN_C:-0.189505704,(6M2N_C:1.415135212,((6W9C_C:1.345830563,(7BV2_C:0.040660253,7BTF_C:-0.040660253):0.698526062):0.156163716,(6W75_C:1.371649588,(6M3M_C:0.013016867,6VYO_C:-0.002046159):1.390285173):0.064693725):0.119382653):0.809555171):0.122897037):0.265194586):0.016035335);
Total branch-length 8.227 after 0.04 sec
ML_Lengths1	(6VYB_C:0.000772486,6VXX_C:0.000000005,(6VSB_C:0.000000005,(6LXT_C:0.000111958,(6LVN_C:0.000000005,(6M2N_C:2.604624141,((6W9C_C:2.950269863,(7BV2_C:0.000000005,7BTF_C:0.000000005):1.783908360):0.000000006,(6W75_C:1.947487903,(6M3M_C:0.005873387,6VYO_C:0.003282986):2.250065145):0.655979188):0.461358644):1.145963476):0.000000005):0.078306591):0.013759788);
ML_NNI1	(6VYB_C:0.000772486,6VXX_C:0.000000005,(6VSB_C:0.000000005,((6M2N_C:2.612907858,((6W9C_C:2.587413590,(6W75_C:1.387060238,(6M3M_C:0.004006546,6VYO_C:0.005090549):2.542894811):0.739520512):0.373373564,(7BV2_C:0.000000005,7BTF_C:0.000000005):0.783182793):0.530205942):1.233022332,(6LVN_C:0.000000005,6LXT_C:0.000000005):0.004944233):0.073269434):0.013759775);
TreeLogLk	ML_NNI1	-7388.6598	MaxChange	0.3055
NCategories	20
Rates 0.075253 0.103151 0.141391 0.193809 0.265659 0.364145 0.499143 0.684188 0.937834 1.285513 1.762086 2.415336 3.310763 4.538148 6.220556 8.526675 11.687731 16.020673 21.959946 30.101061
SiteCategories 9 9 9 9 9 9 9 9 9 9 9 9 9 9 9 9 9 9 9 11 10 10 10 10 10 10 10 10 10 10 10 10 9 9 9 9 9 9 9 9 9 9 9 9 9 9 9 9 9 9 9 9 9 9 9 9 9 9 9 9 9 9 9 9 9 9 9 9 9 9 9 9 9 9 9 9 9 9 9 9 9 9 9 9 9 9 9 9 9 9 9 9 9 9 9 9 9 9 9 9 9 9 9 9 9 9 9 9 9 9 9 9 9 9 9 9 9 9 9 9 9 9 9 9 9 9 9 9 9 9 9 9 9 9 9 9 9 9 9 9 9 9 9 9 9 9 9 9 9 9 9 9 9 9 9 9 9 9 9 9 9 9 9 9 9 9 9 9 9 9 9 9 9 9 9 9 9 9 9 9 9 9 9 9 9 9 9 9 9 9 9 9 9 9 9 9 9 9 9 9 9 9 9 9 9 9 9 9 9 9 9 9 9 9 9 9 9 9 9 9 9 9 9 9 9 9 9 9 9 9 9 9 9 9 9 9 9 9 9 9 9 9 9 9 9 9 9 9 9 9 9 9 9 9 9 9 9 9 9 9 9 9 9 9 9 9 9 9 9 9 9 9 9 9 9 9 9 9 9 9 9 9 9 9 9 9 9 9 9 9 9 9 9 9 9 9 9 9 9 9 9 9 9 9 9 9 9 9 9 9 9 9 9 9 9 9 9 9 9 9 9 9 9 9 9 9 9 9 9 9 9 9 9 9 9 9 9 9 9 9 9 9 9 9 9 9 9 9 9 9 9 9 9 9 9 9 9 9 9 9 9 9 9 9 9 9 9 9 9 9 9 9 9 9 9 9 9 9 9 9 9 9 9 9 9 9 9 9 9 9 9 9 9 9 9 9 9 9 9 9 9 9 9 9 9 9 9 9 9 9 9 9 9 9 9 9 9 9 9 9 9 9 9 9 9 9 9 9 9 9 9 9 9 9 9 9 9 9 9 9 9 9 9 9 9 9 9 9 9 9 9 9 9 9 9 9 9 9 9 9 9 9 9 9 9 9 9 9 9 9 9 9 9 9 9 9 9 9 9 9 9 9 9 9 9 9 9 9 9 9 9 9 9 9 9 9 9 9 9 9 9 9 9 9 9 9 9 9 9 9 9 9 9 9 9 9 9 9 9 9 9 9 9 9 9 9 9 9 9 9 9 9 9 9 9 9 9 9 9 9 9 9 9 9 9 9 9 9 9 9 9 9 9 9 9 9 9 9 9 9 9 9 9 9 9 9 9 9 9 9 9 9 9 9 9 9 9 9 9 9 9 9 9 9 9 9 9 9 9 9 9 9 9 9 9 9 9 9 9 9 9 9 9 9 9 9 9 9 9 9 9 9 9 9 9 9 9 9 9 9 9 9 9 9 9 10 9 9 9 9 9 9 9 9 9 9 9 9 9 9 9 9 9 9 9 9 9 9 9 9 9 9 9 9 9 9 9 9 9 9 9 9 9 9 9 9 9 9 9 9 9 9 9 9 9 9 9 9 9 9 9 9 9 9 9 9 9 9 9 9 9 9 9 9 9 9 9 9 9 9 10 10 9 10 9 9 9 9 9 9 9 9 9 9 9 9 9 9 9 9 9 9 9 9 9 9 9 9 9 9 9 9 9 9 9 9 9 9 9 9 9 9 9 9 9 9 9 9 9 9 9 9 9 9 9 9 9 9 9 9 9 9 9 9 9 9 9 9 9 9 9 9 9 9 9 9 9 9 9 9 9 9 9 9 9 9 9 9 9 9 9 9 9 9 9 9 9 9 9 9 9 9 9 9 9 9 9 9 9 9 9 9 9 9 9 9 9 9 9 9 9 9 9 9 9 9 9 9 9 9 9 9 9 9 9 9 9 9 9 9 9 9 9 9 9 9 9 9 9 9 9 9 9 9 9 9 9 9 9 9 9 9 9 9 9 9 9 9 9 9 9 9 9 9 9 9 9 9 9 9 9 9 9 9 9 9 9 9 9 9 9 9 9 9 9 9 9 9 9 9 9 9 9 9 9 9 9 9 9 9 9 10 10 10 10 10 6 9 10 10 10 10 10 10 10 9 10 10 8 9 10 10 9 9 10 9 9 9 8 11 10 9 9 11 11 10 9 9 9 9 11 9 9 9 10 10 11 9 9 9 11 10 9 9 10 9 9 9 9 9 10 9 9 9 9 9 10 9 8 8 10 9 10 10 10 9 9 9 9 9 9 7 10 7 9 9 9 10 8 8 10 10 10 8 9 10 10 10 9 10 10 8 10 10 10 9 10 11 11 10 9 11 11 10 10 10 9 10 10 10 11 9 7 8 8 10 9 8 10 8 10 8 10 10 9 8 10 9 10 10 10 10 9 10 9 11 10 11 8 10 9 10 10 10 8 10 9 10 9 11 9 10 9 9 9 10 6 9 9 9 9 9 9 9 9 9 9 9 9 9 9 9 9 9 9 9 9 9 9 9 9 9 9 9 9 9 9 9 9 9 9 9 9 9 9 9 9 9 9 9 9 9 9 9 9 9 9 9 9 9 9 9 9 9 11 10 11 9 10 8 10 9 8 8 10 10 11 9 9 9 9 10 10 9 8 9 11 8 11 11 10 9 10 10 8 10 9 10 7 9 10 11 10 7 8 8 10 9 9 10 8 10 11 9 9 8 10 10 10 9 10 11 9 9 7 9 11 11 10 9 9 9 9 9 10 11 8 11 9 11 7 10 10 10 7 10 9 9 10 10 11 10 10 10 9 10 10 11 10 10 10 10 11 9 10 8 10 10 9 11 9 10 10 9 10 9 10 11 11 11 11 10 10 10 11 10 10 10 10 10 10 10 10 11 10 10 9 10 9 10 10 10 9 8 8 8 10 10 11 10 10 10 10 7 10 11 10 10 10 10 11 9 9 11 10 10 10 10 11 10 10 10 9 10 9 10 10 10 10 9 9 9 10 10 9 10 8 9 9 9 9 9 9 9 9 9 9 9 9 9 9 9 9 9 9 9 9 9 9 9 9 9 9 9
ML_NNI2	(6VYB_C:0.000772486,6VXX_C:0.000000005,(6VSB_C:0.000000006,(6LVN_C:0.000000005,((6M2N_C:2.266865622,((6W9C_C:2.239914213,(6W75_C:1.217728644,(6M3M_C:0.004006546,6VYO_C:0.005090549):2.360139172):0.642389613):0.269811114,(7BV2_C:0.000000005,7BTF_C:0.000000005):0.776036898):0.545351034):0.991336126,6LXT_C:0.000000005):0.000000005):0.070141053):0.013946980);
TreeLogLk	ML_NNI2	-7305.7977	MaxChange	0.0002
Turning off heuristics for final round of ML NNIs (converged)
ML_NNI3	(6VYB_C:0.000776178,6VXX_C:0.000000005,(6VSB_C:0.000000006,((6M2N_C:2.277229139,((6W9C_C:2.248251739,(6W75_C:1.088757345,(6M3M_C:0.001749907,6VYO_C:0.005747142):2.392137553):0.746811636):0.254094888,(7BV2_C:0.000000005,7BTF_C:0.000000005):0.771273809):0.573723462):0.980438823,(6LVN_C:0.000000005,6LXT_C:0.000000005):0.000000005):0.070141053):0.013946980);
TreeLogLk	ML_NNI3	-7305.6694	MaxChange	0.0002
ML_Lengths2	(6VYB_C:0.000776178,6VXX_C:0.000000005,(6VSB_C:0.000000006,((6M2N_C:2.277229139,((6W9C_C:2.246003487,(6W75_C:1.064277922,(6M3M_C:0.000322531,6VYO_C:0.007045172):2.402321644):0.769581716):0.252296331,(7BV2_C:0.000000005,7BTF_C:0.000000005):0.769310690):0.576878825):0.980438823,(6LVN_C:0.000000005,6LXT_C:0.000000005):0.000000005):0.070141053):0.013946980);
TreeLogLk	ML_Lengths2	-7305.6479
Total time: 1.23 seconds Unique: 12/12 Bad splits: 0/9
Dist/N**2: by-profile 13.097 (out 0.521) by-leaf 1.549 avg-prof 8.014
 Hill-climb: 0 Update-best: 7
NNI: 1 SPR: 0 ML-NNI: 4
Max-lk operations: lk 12285 posterior 1447 approximate-posteriors 0.00% star-only 2
TreeCompleted
